<?xml version="1.0" encoding="UTF-8"?>
<!-- Generated by org.testng.reporters.JUnitXMLReporter -->
<testsuite ignored="0" hostname="lap1154" failures="0" tests="4" name="Test" time="20.855" errors="0" timestamp="2023-07-05T05:26:19 IST">
  <testcase classname="Testcases.ActionClassInSelenium" name="@BeforeTest IntialSetup" time="20.8">
    <failure type="org.openqa.selenium.SessionNotCreatedException" message="Could not start a new session. Possible causes are invalid address of the remote server or browser start-up failure. 
Host info: host: &amp;apos;LAP1154&amp;apos;, ip: &amp;apos;192.168.0.18&amp;apos;">
      <![CDATA[org.openqa.selenium.SessionNotCreatedException: Could not start a new session. Possible causes are invalid address of the remote server or browser start-up failure. 
Host info: host: 'LAP1154', ip: '192.168.0.18'
at org.openqa.selenium.remote.RemoteWebDriver.execute(RemoteWebDriver.java:561)
at org.openqa.selenium.remote.RemoteWebDriver.startSession(RemoteWebDriver.java:229)
at org.openqa.selenium.remote.RemoteWebDriver.<init>(RemoteWebDriver.java:157)
at org.openqa.selenium.chromium.ChromiumDriver.<init>(ChromiumDriver.java:101)
at org.openqa.selenium.chrome.ChromeDriver.<init>(ChromeDriver.java:82)
at org.openqa.selenium.chrome.ChromeDriver.<init>(ChromeDriver.java:50)
at Testcases.ActionClassInSelenium.IntialSetup(ActionClassInSelenium.java:21)
Caused by: org.openqa.selenium.WebDriverException: Timed out waiting for driver process to start.
Build info: version: '4.8.0', revision: '267030adea'
System info: os.name: 'Windows 11', os.arch: 'amd64', os.version: '10.0', java.version: '17.0.6'
Driver info: driver.version: ChromeDriver
at org.openqa.selenium.remote.service.DriverService.start(DriverService.java:218)
at org.openqa.selenium.remote.service.DriverCommandExecutor.execute(DriverCommandExecutor.java:98)
at org.openqa.selenium.remote.RemoteWebDriver.execute(RemoteWebDriver.java:543)
... 30 more
... Removed 24 stack frames]]>
    </failure>
  </testcase> <!-- @BeforeTest IntialSetup -->
  <testcase classname="Testcases.ActionClassInSelenium" name="@AfterTest browserclose" time="0.0">
    <skipped/>
  </testcase> <!-- @AfterTest browserclose -->
  <testcase classname="Testcases.ActionClassInSelenium" name="mouseclick" time="0.0">
    <skipped/>
  </testcase> <!-- mouseclick -->
  <testcase classname="Testcases.ActionClassInSelenium" name="mousedoubleclick" time="0.0">
    <skipped/>
  </testcase> <!-- mousedoubleclick -->
  <testcase classname="Testcases.ActionClassInSelenium" name="mousehover" time="0.0">
    <skipped/>
  </testcase> <!-- mousehover -->
  <testcase classname="Testcases.ActionClassInSelenium" name="draganddrop" time="0.0">
    <skipped/>
  </testcase> <!-- draganddrop -->
</testsuite> <!-- Test -->
