<?xml version="1.0" encoding="UTF-8"?>
<testng-results retried="1" ignored="11" total="18" passed="4" failed="2" skipped="0">
  <reporter-output>
  </reporter-output>
  <suite started-at="2023-03-18T03:29:21 IST" name="Suite" finished-at="2023-03-18T03:31:13 IST" duration-ms="112113">
    <groups>
      <group name="Regression">
        <method signature="VerifyAddProductTest.verify_add_product()[pri:1, instance:com.TestCases.VerifyAddProductTest@692f203f]" name="verify_add_product" class="com.TestCases.VerifyAddProductTest"/>
        <method signature="VerifyAddProductTest.verify_file_download()[pri:2, instance:com.TestCases.VerifyAddProductTest@692f203f]" name="verify_file_download" class="com.TestCases.VerifyAddProductTest"/>
        <method signature="VerifyHomepageTest.verify_home_menu_elements()[pri:2, instance:com.TestCases.VerifyHomepageTest@4c583ecf]" name="verify_home_menu_elements" class="com.TestCases.VerifyHomepageTest"/>
        <method signature="VerifyAddProductTest.verify_file_upload()[pri:3, instance:com.TestCases.VerifyAddProductTest@692f203f]" name="verify_file_upload" class="com.TestCases.VerifyAddProductTest"/>
        <method signature="VerifyHomepageTest.verify_language_selection()[pri:3, instance:com.TestCases.VerifyHomepageTest@4c583ecf]" name="verify_language_selection" class="com.TestCases.VerifyHomepageTest"/>
        <method signature="VerifyUserLoginTest.verify_valid_User_Login()[pri:4, instance:com.TestCases.VerifyUserLoginTest@31304f14]" name="verify_valid_User_Login" class="com.TestCases.VerifyUserLoginTest"/>
      </group> <!-- Regression -->
    </groups>
    <test started-at="2023-03-18T03:29:21 IST" name="Test" finished-at="2023-03-18T03:31:13 IST" duration-ms="112113">
      <class name="com.TestCases.VerifyHomepageTest">
        <test-method is-config="true" signature="launch(java.lang.String)[pri:0, instance:com.TestCases.VerifyHomepageTest@4c583ecf]" started-at="2023-03-18T03:29:28 IST" name="launch" finished-at="2023-03-18T03:29:32 IST" duration-ms="3534" status="PASS">
          <params>
            <param index="0">
              <value>
                <![CDATA[Edge]]>
              </value>
            </param>
          </params>
          <reporter-output>
          </reporter-output>
        </test-method> <!-- launch -->
        <test-method signature="verify_home_menu_elements()[pri:2, instance:com.TestCases.VerifyHomepageTest@4c583ecf]" started-at="2023-03-18T03:29:32 IST" name="verify_home_menu_elements" finished-at="2023-03-18T03:29:47 IST" duration-ms="15357" status="FAIL">
          <exception class="org.openqa.selenium.NoSuchElementException">
            <message>
              <![CDATA[no such element: Unable to locate element: {"method":"xpath","selector":"//h1[@class='text-center choose_store']"}
  (Session info: MicrosoftEdge=111.0.1661.41)
For documentation on this error, please visit: https://selenium.dev/exceptions/#no_such_element
Build info: version: '4.8.0', revision: '267030adea'
System info: os.name: 'Windows 11', os.arch: 'amd64', os.version: '10.0', java.version: '19'
Driver info: org.openqa.selenium.edge.EdgeDriver
Command: [3ecfbcc5dfd8634d30c8a2df68fb8bd5, findElement {using=xpath, value=//h1[@class='text-center choose_store']}]
Capabilities {acceptInsecureCerts: false, browserName: msedge, browserVersion: 111.0.1661.41, ms:edgeOptions: {debuggerAddress: localhost:63498}, msedge: {msedgedriverVersion: 111.0.1661.44 (fc2a57ec5a41..., userDataDir: C:\Users\JITHYA~1\AppData\L...}, networkConnectionEnabled: false, pageLoadStrategy: normal, platformName: WINDOWS, proxy: Proxy(), se:cdp: ws://localhost:63498/devtoo..., se:cdpVersion: 111.0.1661.41, setWindowRect: true, strictFileInteractability: false, timeouts: {implicit: 0, pageLoad: 300000, script: 30000}, unhandledPromptBehavior: dismiss and notify, webauthn:extension:credBlob: true, webauthn:extension:largeBlob: true, webauthn:extension:minPinLength: true, webauthn:extension:prf: true, webauthn:virtualAuthenticators: true}
Session ID: 3ecfbcc5dfd8634d30c8a2df68fb8bd5]]>
            </message>
            <full-stacktrace>
              <![CDATA[org.openqa.selenium.NoSuchElementException: no such element: Unable to locate element: {"method":"xpath","selector":"//h1[@class='text-center choose_store']"}
  (Session info: MicrosoftEdge=111.0.1661.41)
For documentation on this error, please visit: https://selenium.dev/exceptions/#no_such_element
Build info: version: '4.8.0', revision: '267030adea'
System info: os.name: 'Windows 11', os.arch: 'amd64', os.version: '10.0', java.version: '19'
Driver info: org.openqa.selenium.edge.EdgeDriver
Command: [3ecfbcc5dfd8634d30c8a2df68fb8bd5, findElement {using=xpath, value=//h1[@class='text-center choose_store']}]
Capabilities {acceptInsecureCerts: false, browserName: msedge, browserVersion: 111.0.1661.41, ms:edgeOptions: {debuggerAddress: localhost:63498}, msedge: {msedgedriverVersion: 111.0.1661.44 (fc2a57ec5a41..., userDataDir: C:\Users\JITHYA~1\AppData\L...}, networkConnectionEnabled: false, pageLoadStrategy: normal, platformName: WINDOWS, proxy: Proxy(), se:cdp: ws://localhost:63498/devtoo..., se:cdpVersion: 111.0.1661.41, setWindowRect: true, strictFileInteractability: false, timeouts: {implicit: 0, pageLoad: 300000, script: 30000}, unhandledPromptBehavior: dismiss and notify, webauthn:extension:credBlob: true, webauthn:extension:largeBlob: true, webauthn:extension:minPinLength: true, webauthn:extension:prf: true, webauthn:virtualAuthenticators: true}
Session ID: 3ecfbcc5dfd8634d30c8a2df68fb8bd5
at java.base/jdk.internal.reflect.DirectConstructorHandleAccessor.newInstance(DirectConstructorHandleAccessor.java:67)
at java.base/java.lang.reflect.Constructor.newInstanceWithCaller(Constructor.java:500)
at java.base/java.lang.reflect.Constructor.newInstance(Constructor.java:484)
at org.openqa.selenium.remote.codec.w3c.W3CHttpResponseCodec.createException(W3CHttpResponseCodec.java:200)
at org.openqa.selenium.remote.codec.w3c.W3CHttpResponseCodec.decode(W3CHttpResponseCodec.java:133)
at org.openqa.selenium.remote.codec.w3c.W3CHttpResponseCodec.decode(W3CHttpResponseCodec.java:53)
at org.openqa.selenium.remote.HttpCommandExecutor.execute(HttpCommandExecutor.java:184)
at org.openqa.selenium.remote.service.DriverCommandExecutor.invokeExecute(DriverCommandExecutor.java:167)
at org.openqa.selenium.remote.service.DriverCommandExecutor.execute(DriverCommandExecutor.java:142)
at org.openqa.selenium.remote.RemoteWebDriver.execute(RemoteWebDriver.java:543)
at org.openqa.selenium.remote.ElementLocation$ElementFinder$2.findElement(ElementLocation.java:162)
at org.openqa.selenium.remote.ElementLocation.findElement(ElementLocation.java:60)
at org.openqa.selenium.remote.RemoteWebDriver.findElement(RemoteWebDriver.java:352)
at org.openqa.selenium.remote.RemoteWebDriver.findElement(RemoteWebDriver.java:344)
at org.openqa.selenium.support.pagefactory.DefaultElementLocator.findElement(DefaultElementLocator.java:70)
at org.openqa.selenium.support.pagefactory.internal.LocatingElementHandler.invoke(LocatingElementHandler.java:39)
at jdk.proxy2/jdk.proxy2.$Proxy23.getText(Unknown Source)
at com.TestCases.VerifyHomepageTest.verify_home_menu_elements(VerifyHomepageTest.java:45)
at java.base/jdk.internal.reflect.DirectMethodHandleAccessor.invoke(DirectMethodHandleAccessor.java:104)
at java.base/java.lang.reflect.Method.invoke(Method.java:578)
at org.testng.internal.invokers.MethodInvocationHelper.invokeMethod(MethodInvocationHelper.java:135)
at org.testng.internal.invokers.TestInvoker.invokeMethod(TestInvoker.java:673)
at org.testng.internal.invokers.TestInvoker.invokeTestMethod(TestInvoker.java:220)
at org.testng.internal.invokers.MethodRunner.runInSequence(MethodRunner.java:50)
at org.testng.internal.invokers.TestInvoker$MethodInvocationAgent.invoke(TestInvoker.java:945)
at org.testng.internal.invokers.TestInvoker.invokeTestMethods(TestInvoker.java:193)
at org.testng.internal.invokers.TestMethodWorker.invokeTestMethods(TestMethodWorker.java:146)
at org.testng.internal.invokers.TestMethodWorker.run(TestMethodWorker.java:128)
at java.base/java.util.ArrayList.forEach(ArrayList.java:1511)
at org.testng.TestRunner.privateRun(TestRunner.java:808)
at org.testng.TestRunner.run(TestRunner.java:603)
at org.testng.SuiteRunner.runTest(SuiteRunner.java:429)
at org.testng.SuiteRunner.runSequentially(SuiteRunner.java:423)
at org.testng.SuiteRunner.privateRun(SuiteRunner.java:383)
at org.testng.SuiteRunner.run(SuiteRunner.java:326)
at org.testng.SuiteRunnerWorker.runSuite(SuiteRunnerWorker.java:52)
at org.testng.SuiteRunnerWorker.run(SuiteRunnerWorker.java:95)
at org.testng.TestNG.runSuitesSequentially(TestNG.java:1249)
at org.testng.TestNG.runSuitesLocally(TestNG.java:1169)
at org.testng.TestNG.runSuites(TestNG.java:1092)
at org.testng.TestNG.run(TestNG.java:1060)
at org.testng.remote.AbstractRemoteTestNG.run(AbstractRemoteTestNG.java:115)
at org.testng.remote.RemoteTestNG.initAndRun(RemoteTestNG.java:251)
at org.testng.remote.RemoteTestNG.main(RemoteTestNG.java:77)
]]>
            </full-stacktrace>
          </exception> <!-- org.openqa.selenium.NoSuchElementException -->
          <reporter-output>
          </reporter-output>
        </test-method> <!-- verify_home_menu_elements -->
        <test-method is-config="true" signature="user_logout()[pri:0, instance:com.TestCases.VerifyHomepageTest@4c583ecf]" started-at="2023-03-18T03:29:48 IST" name="user_logout" finished-at="2023-03-18T03:29:48 IST" duration-ms="318" status="PASS">
          <reporter-output>
          </reporter-output>
        </test-method> <!-- user_logout -->
        <test-method is-config="true" signature="launch(java.lang.String)[pri:0, instance:com.TestCases.VerifyHomepageTest@4c583ecf]" started-at="2023-03-18T03:29:48 IST" name="launch" finished-at="2023-03-18T03:29:52 IST" duration-ms="3694" status="PASS">
          <params>
            <param index="0">
              <value>
                <![CDATA[Edge]]>
              </value>
            </param>
          </params>
          <reporter-output>
          </reporter-output>
        </test-method> <!-- launch -->
        <test-method signature="verify_language_selection()[pri:3, instance:com.TestCases.VerifyHomepageTest@4c583ecf]" started-at="2023-03-18T03:29:52 IST" name="verify_language_selection" finished-at="2023-03-18T03:29:56 IST" duration-ms="4249" status="PASS">
          <reporter-output>
          </reporter-output>
        </test-method> <!-- verify_language_selection -->
        <test-method is-config="true" signature="user_logout()[pri:0, instance:com.TestCases.VerifyHomepageTest@4c583ecf]" started-at="2023-03-18T03:29:56 IST" name="user_logout" finished-at="2023-03-18T03:29:56 IST" duration-ms="287" status="PASS">
          <reporter-output>
          </reporter-output>
        </test-method> <!-- user_logout -->
      </class> <!-- com.TestCases.VerifyHomepageTest -->
      <class name="com.TestCases.VerifyUserLoginTest">
        <test-method is-config="true" signature="loadingfiles()[pri:0, instance:com.TestCases.VerifyUserLoginTest@31304f14]" started-at="2023-03-18T03:29:21 IST" name="loadingfiles" finished-at="2023-03-18T03:29:21 IST" duration-ms="165" status="PASS">
          <reporter-output>
          </reporter-output>
        </test-method> <!-- loadingfiles -->
        <test-method is-config="true" signature="loadConfig()[pri:0, instance:com.TestCases.VerifyUserLoginTest@31304f14]" started-at="2023-03-18T03:29:21 IST" name="loadConfig" finished-at="2023-03-18T03:29:21 IST" duration-ms="0" status="PASS">
          <reporter-output>
          </reporter-output>
        </test-method> <!-- loadConfig -->
        <test-method is-config="true" signature="launch(java.lang.String)[pri:0, instance:com.TestCases.VerifyUserLoginTest@31304f14]" started-at="2023-03-18T03:29:21 IST" name="launch" finished-at="2023-03-18T03:29:26 IST" duration-ms="4450" status="PASS">
          <params>
            <param index="0">
              <value>
                <![CDATA[Edge]]>
              </value>
            </param>
          </params>
          <reporter-output>
          </reporter-output>
        </test-method> <!-- launch -->
        <test-method signature="verify_valid_User_Login()[pri:4, instance:com.TestCases.VerifyUserLoginTest@31304f14]" started-at="2023-03-18T03:29:26 IST" name="verify_valid_User_Login" finished-at="2023-03-18T03:29:28 IST" duration-ms="1918" status="PASS">
          <reporter-output>
          </reporter-output>
        </test-method> <!-- verify_valid_User_Login -->
        <test-method is-config="true" signature="user_logout()[pri:0, instance:com.TestCases.VerifyUserLoginTest@31304f14]" started-at="2023-03-18T03:29:28 IST" name="user_logout" finished-at="2023-03-18T03:29:28 IST" duration-ms="307" status="PASS">
          <reporter-output>
          </reporter-output>
        </test-method> <!-- user_logout -->
        <test-method is-config="true" signature="Teardown()[pri:0, instance:com.TestCases.VerifyUserLoginTest@31304f14]" started-at="2023-03-18T03:31:13 IST" name="Teardown" finished-at="2023-03-18T03:31:14 IST" duration-ms="311" status="PASS">
          <reporter-output>
          </reporter-output>
        </test-method> <!-- Teardown -->
      </class> <!-- com.TestCases.VerifyUserLoginTest -->
      <class name="com.TestCases.VerifyAddProductTest">
        <test-method is-config="true" signature="before_it()[pri:0, instance:com.TestCases.VerifyAddProductTest@692f203f]" started-at="2023-03-18T03:29:21 IST" name="before_it" finished-at="2023-03-18T03:29:21 IST" duration-ms="1" status="PASS">
          <reporter-output>
          </reporter-output>
        </test-method> <!-- before_it -->
        <test-method is-config="true" signature="launch(java.lang.String)[pri:0, instance:com.TestCases.VerifyAddProductTest@692f203f]" started-at="2023-03-18T03:29:56 IST" name="launch" finished-at="2023-03-18T03:30:00 IST" duration-ms="3715" status="PASS">
          <params>
            <param index="0">
              <value>
                <![CDATA[Edge]]>
              </value>
            </param>
          </params>
          <reporter-output>
          </reporter-output>
        </test-method> <!-- launch -->
        <test-method retried="true" signature="verify_add_product()[pri:1, instance:com.TestCases.VerifyAddProductTest@692f203f]" started-at="2023-03-18T03:30:00 IST" name="verify_add_product" finished-at="2023-03-18T03:30:24 IST" duration-ms="23618" status="SKIP">
          <exception class="java.lang.AssertionError">
            <message>
              <![CDATA[The following asserts failed:
expected [A124] but found [A1234]]]>
            </message>
            <full-stacktrace>
              <![CDATA[java.lang.AssertionError: The following asserts failed:
expected [A124] but found [A1234]
at org.testng.asserts.SoftAssert.assertAll(SoftAssert.java:46)
at org.testng.asserts.SoftAssert.assertAll(SoftAssert.java:30)
at com.TestCases.VerifyAddProductTest.verify_add_product(VerifyAddProductTest.java:62)
at java.base/jdk.internal.reflect.DirectMethodHandleAccessor.invoke(DirectMethodHandleAccessor.java:104)
at java.base/java.lang.reflect.Method.invoke(Method.java:578)
at org.testng.internal.invokers.MethodInvocationHelper.invokeMethod(MethodInvocationHelper.java:135)
at org.testng.internal.invokers.TestInvoker.invokeMethod(TestInvoker.java:673)
at org.testng.internal.invokers.TestInvoker.invokeTestMethod(TestInvoker.java:220)
at org.testng.internal.invokers.MethodRunner.runInSequence(MethodRunner.java:50)
at org.testng.internal.invokers.TestInvoker$MethodInvocationAgent.invoke(TestInvoker.java:945)
at org.testng.internal.invokers.TestInvoker.invokeTestMethods(TestInvoker.java:193)
at org.testng.internal.invokers.TestMethodWorker.invokeTestMethods(TestMethodWorker.java:146)
at org.testng.internal.invokers.TestMethodWorker.run(TestMethodWorker.java:128)
at java.base/java.util.ArrayList.forEach(ArrayList.java:1511)
at org.testng.TestRunner.privateRun(TestRunner.java:808)
at org.testng.TestRunner.run(TestRunner.java:603)
at org.testng.SuiteRunner.runTest(SuiteRunner.java:429)
at org.testng.SuiteRunner.runSequentially(SuiteRunner.java:423)
at org.testng.SuiteRunner.privateRun(SuiteRunner.java:383)
at org.testng.SuiteRunner.run(SuiteRunner.java:326)
at org.testng.SuiteRunnerWorker.runSuite(SuiteRunnerWorker.java:52)
at org.testng.SuiteRunnerWorker.run(SuiteRunnerWorker.java:95)
at org.testng.TestNG.runSuitesSequentially(TestNG.java:1249)
at org.testng.TestNG.runSuitesLocally(TestNG.java:1169)
at org.testng.TestNG.runSuites(TestNG.java:1092)
at org.testng.TestNG.run(TestNG.java:1060)
at org.testng.remote.AbstractRemoteTestNG.run(AbstractRemoteTestNG.java:115)
at org.testng.remote.RemoteTestNG.initAndRun(RemoteTestNG.java:251)
at org.testng.remote.RemoteTestNG.main(RemoteTestNG.java:77)
]]>
            </full-stacktrace>
          </exception> <!-- java.lang.AssertionError -->
          <reporter-output>
          </reporter-output>
        </test-method> <!-- verify_add_product -->
        <test-method is-config="true" signature="user_logout()[pri:0, instance:com.TestCases.VerifyAddProductTest@692f203f]" started-at="2023-03-18T03:30:24 IST" name="user_logout" finished-at="2023-03-18T03:30:24 IST" duration-ms="322" status="PASS">
          <reporter-output>
          </reporter-output>
        </test-method> <!-- user_logout -->
        <test-method is-config="true" signature="launch(java.lang.String)[pri:0, instance:com.TestCases.VerifyAddProductTest@692f203f]" started-at="2023-03-18T03:30:24 IST" name="launch" finished-at="2023-03-18T03:30:28 IST" duration-ms="3554" status="PASS">
          <params>
            <param index="0">
              <value>
                <![CDATA[Edge]]>
              </value>
            </param>
          </params>
          <reporter-output>
          </reporter-output>
        </test-method> <!-- launch -->
        <test-method signature="verify_add_product()[pri:1, instance:com.TestCases.VerifyAddProductTest@692f203f]" started-at="2023-03-18T03:30:28 IST" name="verify_add_product" finished-at="2023-03-18T03:30:51 IST" duration-ms="23550" status="FAIL">
          <exception class="java.lang.AssertionError">
            <message>
              <![CDATA[The following asserts failed:
expected [A124] but found [A1234]]]>
            </message>
            <full-stacktrace>
              <![CDATA[java.lang.AssertionError: The following asserts failed:
expected [A124] but found [A1234]
at org.testng.asserts.SoftAssert.assertAll(SoftAssert.java:46)
at org.testng.asserts.SoftAssert.assertAll(SoftAssert.java:30)
at com.TestCases.VerifyAddProductTest.verify_add_product(VerifyAddProductTest.java:62)
at java.base/jdk.internal.reflect.DirectMethodHandleAccessor.invoke(DirectMethodHandleAccessor.java:104)
at java.base/java.lang.reflect.Method.invoke(Method.java:578)
at org.testng.internal.invokers.MethodInvocationHelper.invokeMethod(MethodInvocationHelper.java:135)
at org.testng.internal.invokers.TestInvoker.invokeMethod(TestInvoker.java:673)
at org.testng.internal.invokers.TestInvoker.retryFailed(TestInvoker.java:262)
at org.testng.internal.invokers.MethodRunner.runInSequence(MethodRunner.java:62)
at org.testng.internal.invokers.TestInvoker$MethodInvocationAgent.invoke(TestInvoker.java:945)
at org.testng.internal.invokers.TestInvoker.invokeTestMethods(TestInvoker.java:193)
at org.testng.internal.invokers.TestMethodWorker.invokeTestMethods(TestMethodWorker.java:146)
at org.testng.internal.invokers.TestMethodWorker.run(TestMethodWorker.java:128)
at java.base/java.util.ArrayList.forEach(ArrayList.java:1511)
at org.testng.TestRunner.privateRun(TestRunner.java:808)
at org.testng.TestRunner.run(TestRunner.java:603)
at org.testng.SuiteRunner.runTest(SuiteRunner.java:429)
at org.testng.SuiteRunner.runSequentially(SuiteRunner.java:423)
at org.testng.SuiteRunner.privateRun(SuiteRunner.java:383)
at org.testng.SuiteRunner.run(SuiteRunner.java:326)
at org.testng.SuiteRunnerWorker.runSuite(SuiteRunnerWorker.java:52)
at org.testng.SuiteRunnerWorker.run(SuiteRunnerWorker.java:95)
at org.testng.TestNG.runSuitesSequentially(TestNG.java:1249)
at org.testng.TestNG.runSuitesLocally(TestNG.java:1169)
at org.testng.TestNG.runSuites(TestNG.java:1092)
at org.testng.TestNG.run(TestNG.java:1060)
at org.testng.remote.AbstractRemoteTestNG.run(AbstractRemoteTestNG.java:115)
at org.testng.remote.RemoteTestNG.initAndRun(RemoteTestNG.java:251)
at org.testng.remote.RemoteTestNG.main(RemoteTestNG.java:77)
]]>
            </full-stacktrace>
          </exception> <!-- java.lang.AssertionError -->
          <reporter-output>
          </reporter-output>
        </test-method> <!-- verify_add_product -->
        <test-method is-config="true" signature="user_logout()[pri:0, instance:com.TestCases.VerifyAddProductTest@692f203f]" started-at="2023-03-18T03:30:52 IST" name="user_logout" finished-at="2023-03-18T03:30:53 IST" duration-ms="333" status="PASS">
          <reporter-output>
          </reporter-output>
        </test-method> <!-- user_logout -->
        <test-method is-config="true" signature="launch(java.lang.String)[pri:0, instance:com.TestCases.VerifyAddProductTest@692f203f]" started-at="2023-03-18T03:30:53 IST" name="launch" finished-at="2023-03-18T03:30:56 IST" duration-ms="3514" status="PASS">
          <params>
            <param index="0">
              <value>
                <![CDATA[Edge]]>
              </value>
            </param>
          </params>
          <reporter-output>
          </reporter-output>
        </test-method> <!-- launch -->
        <test-method signature="verify_file_download()[pri:2, instance:com.TestCases.VerifyAddProductTest@692f203f]" started-at="2023-03-18T03:30:56 IST" name="verify_file_download" finished-at="2023-03-18T03:31:01 IST" duration-ms="4812" status="PASS">
          <reporter-output>
          </reporter-output>
        </test-method> <!-- verify_file_download -->
        <test-method is-config="true" signature="user_logout()[pri:0, instance:com.TestCases.VerifyAddProductTest@692f203f]" started-at="2023-03-18T03:31:01 IST" name="user_logout" finished-at="2023-03-18T03:31:02 IST" duration-ms="1454" status="PASS">
          <reporter-output>
          </reporter-output>
        </test-method> <!-- user_logout -->
        <test-method is-config="true" signature="launch(java.lang.String)[pri:0, instance:com.TestCases.VerifyAddProductTest@692f203f]" started-at="2023-03-18T03:31:02 IST" name="launch" finished-at="2023-03-18T03:31:06 IST" duration-ms="3490" status="PASS">
          <params>
            <param index="0">
              <value>
                <![CDATA[Edge]]>
              </value>
            </param>
          </params>
          <reporter-output>
          </reporter-output>
        </test-method> <!-- launch -->
        <test-method signature="verify_file_upload()[pri:3, instance:com.TestCases.VerifyAddProductTest@692f203f]" started-at="2023-03-18T03:31:06 IST" name="verify_file_upload" finished-at="2023-03-18T03:31:13 IST" duration-ms="7224" status="PASS">
          <reporter-output>
          </reporter-output>
        </test-method> <!-- verify_file_upload -->
        <test-method is-config="true" signature="user_logout()[pri:0, instance:com.TestCases.VerifyAddProductTest@692f203f]" started-at="2023-03-18T03:31:13 IST" name="user_logout" finished-at="2023-03-18T03:31:13 IST" duration-ms="317" status="PASS">
          <reporter-output>
          </reporter-output>
        </test-method> <!-- user_logout -->
        <test-method is-config="true" signature="after_it()[pri:0, instance:com.TestCases.VerifyAddProductTest@692f203f]" started-at="2023-03-18T03:31:13 IST" name="after_it" finished-at="2023-03-18T03:31:13 IST" duration-ms="0" status="PASS">
          <reporter-output>
          </reporter-output>
        </test-method> <!-- after_it -->
      </class> <!-- com.TestCases.VerifyAddProductTest -->
    </test> <!-- Test -->
  </suite> <!-- Suite -->
</testng-results>
