<?xml version="1.0" encoding="UTF-8"?>
<!-- Generated by org.testng.reporters.JUnitXMLReporter -->
<testsuite ignored="3" hostname="lap1154" failures="0" tests="14" name="Test" time="8.825" errors="0" timestamp="2023-03-15T10:53:56 IST">
  <testcase classname="com.Base.BaseClass.BaseClass" name="@BeforeMethod launch" time="5.404">
    <failure type="org.openqa.selenium.remote.http.ConnectionFailedException" message="Unable to establish websocket connection to http://localhost:50821/devtools/browser/d492d565-5033-446c-a073-68f2ead4db53
Build info: version: &amp;apos;4.8.0&amp;apos;, revision: &amp;apos;267030adea&amp;apos;
System info: os.name: &amp;apos;Windows 11&amp;apos;, os.arch: &amp;apos;amd64&amp;apos;, os.version: &amp;apos;10.0&amp;apos;, java.version: &amp;apos;19&amp;apos;
Driver info: driver.version: ChromeDriver">
      <![CDATA[org.openqa.selenium.remote.http.ConnectionFailedException: Unable to establish websocket connection to http://localhost:50821/devtools/browser/d492d565-5033-446c-a073-68f2ead4db53
Build info: version: '4.8.0', revision: '267030adea'
System info: os.name: 'Windows 11', os.arch: 'amd64', os.version: '10.0', java.version: '19'
Driver info: driver.version: ChromeDriver
at org.openqa.selenium.remote.http.netty.NettyWebSocket.<init>(NettyWebSocket.java:102)
at org.openqa.selenium.remote.http.netty.NettyWebSocket.lambda$create$3(NettyWebSocket.java:128)
at org.openqa.selenium.remote.http.netty.NettyClient.openSocket(NettyClient.java:107)
at org.openqa.selenium.devtools.Connection.<init>(Connection.java:78)
at org.openqa.selenium.chromium.ChromiumDriver.lambda$new$2(ChromiumDriver.java:116)
at java.base/java.util.Optional.map(Optional.java:260)
at org.openqa.selenium.chromium.ChromiumDriver.<init>(ChromiumDriver.java:114)
at org.openqa.selenium.chrome.ChromeDriver.<init>(ChromeDriver.java:82)
at org.openqa.selenium.chrome.ChromeDriver.<init>(ChromeDriver.java:50)
at com.Base.BaseClass.BaseClass.launchApp(BaseClass.java:115)
at com.Base.BaseClass.BaseClass.launch(BaseClass.java:72)
at java.base/java.util.ArrayList.forEach(ArrayList.java:1511)
... Removed 29 stack frames]]>
    </failure>
  </testcase> <!-- @BeforeMethod launch -->
  <testcase classname="com.TestCases.VerifyStoreTest" name="@AfterMethod after_method" time="0.0">
    <skipped/>
  </testcase> <!-- @AfterMethod after_method -->
  <testcase classname="com.Base.BaseClass.BaseClass" name="@AfterMethod user_logout" time="0.0">
    <skipped/>
  </testcase> <!-- @AfterMethod user_logout -->
  <testcase classname="com.Base.BaseClass.BaseClass" name="@BeforeMethod launch" time="0.0">
    <skipped/>
  </testcase> <!-- @BeforeMethod launch -->
  <testcase classname="com.TestCases.VerifyStoreTest" name="@AfterMethod after_method" time="0.0">
    <skipped/>
  </testcase> <!-- @AfterMethod after_method -->
  <testcase classname="com.Base.BaseClass.BaseClass" name="@AfterMethod user_logout" time="0.0">
    <skipped/>
  </testcase> <!-- @AfterMethod user_logout -->
  <testcase classname="com.Base.BaseClass.BaseClass" name="@BeforeMethod launch" time="0.0">
    <skipped/>
  </testcase> <!-- @BeforeMethod launch -->
  <testcase classname="com.TestCases.VerifyStoreTest" name="@AfterMethod after_method" time="0.0">
    <skipped/>
  </testcase> <!-- @AfterMethod after_method -->
  <testcase classname="com.Base.BaseClass.BaseClass" name="@AfterMethod user_logout" time="0.0">
    <skipped/>
  </testcase> <!-- @AfterMethod user_logout -->
  <testcase classname="com.Base.BaseClass.BaseClass" name="@BeforeMethod launch" time="0.0">
    <skipped/>
  </testcase> <!-- @BeforeMethod launch -->
  <testcase classname="com.TestCases.VerifyStoreTest" name="@AfterMethod after_method" time="0.0">
    <skipped/>
  </testcase> <!-- @AfterMethod after_method -->
  <testcase classname="com.Base.BaseClass.BaseClass" name="@AfterMethod user_logout" time="0.0">
    <skipped/>
  </testcase> <!-- @AfterMethod user_logout -->
  <testcase classname="com.Base.BaseClass.BaseClass" name="@BeforeMethod launch" time="0.0">
    <skipped/>
  </testcase> <!-- @BeforeMethod launch -->
  <testcase classname="com.TestCases.VerifyStoreTest" name="@AfterMethod after_method" time="0.0">
    <skipped/>
  </testcase> <!-- @AfterMethod after_method -->
  <testcase classname="com.Base.BaseClass.BaseClass" name="@AfterMethod user_logout" time="0.0">
    <skipped/>
  </testcase> <!-- @AfterMethod user_logout -->
  <testcase classname="com.Base.BaseClass.BaseClass" name="@BeforeMethod launch" time="0.0">
    <skipped/>
  </testcase> <!-- @BeforeMethod launch -->
  <testcase classname="com.TestCases.VerifyStoreTest" name="@AfterMethod after_method" time="0.0">
    <skipped/>
  </testcase> <!-- @AfterMethod after_method -->
  <testcase classname="com.Base.BaseClass.BaseClass" name="@AfterMethod user_logout" time="0.0">
    <skipped/>
  </testcase> <!-- @AfterMethod user_logout -->
  <testcase classname="com.Base.BaseClass.BaseClass" name="@BeforeMethod launch" time="0.0">
    <skipped/>
  </testcase> <!-- @BeforeMethod launch -->
  <testcase classname="com.TestCases.VerifyStoreTest" name="@AfterMethod after_method" time="0.0">
    <skipped/>
  </testcase> <!-- @AfterMethod after_method -->
  <testcase classname="com.Base.BaseClass.BaseClass" name="@AfterMethod user_logout" time="0.0">
    <skipped/>
  </testcase> <!-- @AfterMethod user_logout -->
  <testcase classname="com.Base.BaseClass.BaseClass" name="@BeforeMethod launch" time="0.0">
    <skipped/>
  </testcase> <!-- @BeforeMethod launch -->
  <testcase classname="com.TestCases.VerifyStoreTest" name="@AfterMethod after_method" time="0.0">
    <skipped/>
  </testcase> <!-- @AfterMethod after_method -->
  <testcase classname="com.Base.BaseClass.BaseClass" name="@AfterMethod user_logout" time="0.0">
    <skipped/>
  </testcase> <!-- @AfterMethod user_logout -->
  <testcase classname="com.Base.BaseClass.BaseClass" name="@BeforeMethod launch" time="2.972">
    <failure type="org.openqa.selenium.remote.http.ConnectionFailedException" message="Unable to establish websocket connection to http://localhost:50844/devtools/browser/6e6611bd-430a-4896-975a-84b70025b0d6
Build info: version: &amp;apos;4.8.0&amp;apos;, revision: &amp;apos;267030adea&amp;apos;
System info: os.name: &amp;apos;Windows 11&amp;apos;, os.arch: &amp;apos;amd64&amp;apos;, os.version: &amp;apos;10.0&amp;apos;, java.version: &amp;apos;19&amp;apos;
Driver info: driver.version: ChromeDriver">
      <![CDATA[org.openqa.selenium.remote.http.ConnectionFailedException: Unable to establish websocket connection to http://localhost:50844/devtools/browser/6e6611bd-430a-4896-975a-84b70025b0d6
Build info: version: '4.8.0', revision: '267030adea'
System info: os.name: 'Windows 11', os.arch: 'amd64', os.version: '10.0', java.version: '19'
Driver info: driver.version: ChromeDriver
at org.openqa.selenium.remote.http.netty.NettyWebSocket.<init>(NettyWebSocket.java:102)
at org.openqa.selenium.remote.http.netty.NettyWebSocket.lambda$create$3(NettyWebSocket.java:128)
at org.openqa.selenium.remote.http.netty.NettyClient.openSocket(NettyClient.java:107)
at org.openqa.selenium.devtools.Connection.<init>(Connection.java:78)
at org.openqa.selenium.chromium.ChromiumDriver.lambda$new$2(ChromiumDriver.java:116)
at java.base/java.util.Optional.map(Optional.java:260)
at org.openqa.selenium.chromium.ChromiumDriver.<init>(ChromiumDriver.java:114)
at org.openqa.selenium.chrome.ChromeDriver.<init>(ChromeDriver.java:82)
at org.openqa.selenium.chrome.ChromeDriver.<init>(ChromeDriver.java:50)
at com.Base.BaseClass.BaseClass.launchApp(BaseClass.java:115)
at com.Base.BaseClass.BaseClass.launch(BaseClass.java:72)
at java.base/java.util.ArrayList.forEach(ArrayList.java:1511)
... Removed 29 stack frames]]>
    </failure>
  </testcase> <!-- @BeforeMethod launch -->
  <testcase classname="com.TestCases.VerifyStoreManageTest" name="@AfterMethod after_method" time="0.0">
    <skipped/>
  </testcase> <!-- @AfterMethod after_method -->
  <testcase classname="com.Base.BaseClass.BaseClass" name="@AfterMethod user_logout" time="0.0">
    <skipped/>
  </testcase> <!-- @AfterMethod user_logout -->
  <testcase classname="com.Base.BaseClass.BaseClass" name="@BeforeMethod launch" time="0.0">
    <skipped/>
  </testcase> <!-- @BeforeMethod launch -->
  <testcase classname="com.TestCases.VerifyStoreManageTest" name="@AfterMethod after_method" time="0.0">
    <skipped/>
  </testcase> <!-- @AfterMethod after_method -->
  <testcase classname="com.Base.BaseClass.BaseClass" name="@AfterMethod user_logout" time="0.0">
    <skipped/>
  </testcase> <!-- @AfterMethod user_logout -->
  <testcase classname="com.Base.BaseClass.BaseClass" name="@BeforeMethod launch" time="0.0">
    <skipped/>
  </testcase> <!-- @BeforeMethod launch -->
  <testcase classname="com.TestCases.VerifyStoreManageTest" name="@AfterMethod after_method" time="0.0">
    <skipped/>
  </testcase> <!-- @AfterMethod after_method -->
  <testcase classname="com.Base.BaseClass.BaseClass" name="@AfterMethod user_logout" time="0.0">
    <skipped/>
  </testcase> <!-- @AfterMethod user_logout -->
  <testcase classname="com.Base.BaseClass.BaseClass" name="@BeforeMethod launch" time="0.0">
    <skipped/>
  </testcase> <!-- @BeforeMethod launch -->
  <testcase classname="com.TestCases.VerifyStoreManageTest" name="@AfterMethod after_method" time="0.0">
    <skipped/>
  </testcase> <!-- @AfterMethod after_method -->
  <testcase classname="com.Base.BaseClass.BaseClass" name="@AfterMethod user_logout" time="0.0">
    <skipped/>
  </testcase> <!-- @AfterMethod user_logout -->
  <testcase classname="com.Base.BaseClass.BaseClass" name="@BeforeMethod launch" time="0.0">
    <skipped/>
  </testcase> <!-- @BeforeMethod launch -->
  <testcase classname="com.TestCases.VerifyStoreManageTest" name="@AfterMethod after_method" time="0.0">
    <skipped/>
  </testcase> <!-- @AfterMethod after_method -->
  <testcase classname="com.Base.BaseClass.BaseClass" name="@AfterMethod user_logout" time="0.0">
    <skipped/>
  </testcase> <!-- @AfterMethod user_logout -->
  <testcase classname="com.Base.BaseClass.BaseClass" name="@BeforeMethod launch" time="0.0">
    <skipped/>
  </testcase> <!-- @BeforeMethod launch -->
  <testcase classname="com.TestCases.VerifyStoreManageTest" name="@AfterMethod after_method" time="0.0">
    <skipped/>
  </testcase> <!-- @AfterMethod after_method -->
  <testcase classname="com.Base.BaseClass.BaseClass" name="@AfterMethod user_logout" time="0.0">
    <skipped/>
  </testcase> <!-- @AfterMethod user_logout -->
  <testcase classname="com.TestCases.VerifyStoreTest" name="verify_sort_store_name_descending_order" time="0.0">
    <skipped/>
  </testcase> <!-- verify_sort_store_name_descending_order -->
  <testcase classname="com.TestCases.VerifyStoreTest" name="verify_add_store" time="0.0">
    <skipped/>
  </testcase> <!-- verify_add_store -->
  <testcase classname="com.TestCases.VerifyStoreTest" name="verify_edit_store" time="0.0">
    <skipped/>
  </testcase> <!-- verify_edit_store -->
  <testcase classname="com.TestCases.VerifyStoreTest" name="verify_delete_store" time="0.0">
    <skipped/>
  </testcase> <!-- verify_delete_store -->
  <testcase classname="com.TestCases.VerifyStoreTest" name="verify_sort_store_coulmns" time="0.0">
    <skipped/>
  </testcase> <!-- verify_sort_store_coulmns -->
  <testcase classname="com.TestCases.VerifyStoreTest" name="verify_show_dropdown" time="0.0">
    <skipped/>
  </testcase> <!-- verify_show_dropdown -->
  <testcase classname="com.TestCases.VerifyStoreTest" name="verify_store_search" time="0.0">
    <skipped/>
  </testcase> <!-- verify_store_search -->
  <testcase classname="com.TestCases.VerifyStoreTest" name="verify_storepage_pagination" time="0.0">
    <skipped/>
  </testcase> <!-- verify_storepage_pagination -->
  <testcase classname="com.TestCases.VerifyStoreManageTest" name="verify_add_store_zone" time="0.0">
    <skipped/>
  </testcase> <!-- verify_add_store_zone -->
  <testcase classname="com.TestCases.VerifyStoreManageTest" name="verify_edit_store_zone" time="0.0">
    <skipped/>
  </testcase> <!-- verify_edit_store_zone -->
  <testcase classname="com.TestCases.VerifyStoreManageTest" name="verify_delete_store_zone" time="0.001">
    <skipped/>
  </testcase> <!-- verify_delete_store_zone -->
  <testcase classname="com.TestCases.VerifyStoreManageTest" name="verify_add_store_table" time="0.0">
    <skipped/>
  </testcase> <!-- verify_add_store_table -->
  <testcase classname="com.TestCases.VerifyStoreManageTest" name="verify_edit_store_table" time="0.0">
    <skipped/>
  </testcase> <!-- verify_edit_store_table -->
  <testcase classname="com.TestCases.VerifyStoreManageTest" name="verify_delete_store_table" time="0.0">
    <skipped/>
  </testcase> <!-- verify_delete_store_table -->
  <testcase classname="com.Base.BaseClass.BaseClass" name="@BeforeSuite loadingfiles" time="0.0">
    <ignored/>
  </testcase> <!-- @BeforeSuite loadingfiles -->
  <testcase classname="com.Base.BaseClass.BaseClass" name="@BeforeTest loadConfig" time="0.0">
    <ignored/>
  </testcase> <!-- @BeforeTest loadConfig -->
  <testcase classname="com.Base.BaseClass.BaseClass" name="@AfterSuite Teardown" time="0.0">
    <ignored/>
  </testcase> <!-- @AfterSuite Teardown -->
</testsuite> <!-- Test -->
