<?xml version="1.0" encoding="UTF-8"?>
<!-- Generated by org.testng.reporters.JUnitXMLReporter -->
<testsuite ignored="1" hostname="lap1154" failures="0" tests="1" name="SmokeTest" time="123.352" errors="0" timestamp="2023-07-06T05:22:58 IST">
  <testcase classname="com.Base.BaseClass.BaseClass" name="@AfterMethod user_logout" time="0.035">
    <failure type="org.openqa.selenium.remote.http.ConnectionFailedException" message="Unable to establish websocket connection to http://127.0.0.1:44581/devtools/browser/1837852b-8176-4888-8b41-fecc6c439ef1
Build info: version: &amp;apos;4.8.0&amp;apos;, revision: &amp;apos;267030adea&amp;apos;
System info: os.name: &amp;apos;Windows 11&amp;apos;, os.arch: &amp;apos;amd64&amp;apos;, os.version: &amp;apos;10.0&amp;apos;, java.version: &amp;apos;17.0.6&amp;apos;
Driver info: driver.version: FirefoxDriver">
      <![CDATA[org.openqa.selenium.remote.http.ConnectionFailedException: Unable to establish websocket connection to http://127.0.0.1:44581/devtools/browser/1837852b-8176-4888-8b41-fecc6c439ef1
Build info: version: '4.8.0', revision: '267030adea'
System info: os.name: 'Windows 11', os.arch: 'amd64', os.version: '10.0', java.version: '17.0.6'
Driver info: driver.version: FirefoxDriver
at org.openqa.selenium.remote.http.netty.NettyWebSocket.<init>(NettyWebSocket.java:102)
at org.openqa.selenium.remote.http.netty.NettyWebSocket.lambda$create$3(NettyWebSocket.java:128)
at org.openqa.selenium.remote.http.netty.NettyClient.openSocket(NettyClient.java:107)
at org.openqa.selenium.devtools.Connection.<init>(Connection.java:78)
at org.openqa.selenium.firefox.FirefoxDriver.maybeGetDevTools(FirefoxDriver.java:269)
at org.openqa.selenium.remote.RemoteWebDriver.quit(RemoteWebDriver.java:438)
at org.openqa.selenium.firefox.FirefoxDriver.quit(FirefoxDriver.java:323)
at com.Base.BaseClass.BaseClass.user_logout(BaseClass.java:145)
at java.base/java.util.ArrayList.forEach(ArrayList.java:1511)
... Removed 32 stack frames]]>
    </failure>
  </testcase> <!-- @AfterMethod user_logout -->
  <testcase classname="com.Base.BaseClass.BaseClass" name="@BeforeMethod launch" time="0.0">
    <skipped/>
  </testcase> <!-- @BeforeMethod launch -->
  <testcase classname="com.TestCases.VerifySettingsTest" name="verify_add_new_user" time="115.751">
    <skipped/>
  </testcase> <!-- verify_add_new_user -->
  <testcase classname="com.TestCases.VerifySettingsTest" name="verify_add_new_warehouse" time="0.0">
    <ignored/>
  </testcase> <!-- verify_add_new_warehouse -->
</testsuite> <!-- SmokeTest -->
