<?xml version="1.0" encoding="UTF-8"?>
<!-- Generated by org.testng.reporters.JUnitXMLReporter -->
<testsuite ignored="0" hostname="lap1154" failures="0" tests="3" name="Test1" time="7.527" errors="0" timestamp="2023-03-15T11:44:24 IST">
  <testcase classname="com.Base.BaseClass.BaseClass" name="@BeforeMethod launch" time="7.399">
    <failure type="org.openqa.selenium.remote.http.ConnectionFailedException" message="Unable to establish websocket connection to http://localhost:57603/devtools/browser/31312fa9-86d5-43bb-83fe-2e456d951c9d
Build info: version: &amp;apos;4.8.0&amp;apos;, revision: &amp;apos;267030adea&amp;apos;
System info: os.name: &amp;apos;Windows 11&amp;apos;, os.arch: &amp;apos;amd64&amp;apos;, os.version: &amp;apos;10.0&amp;apos;, java.version: &amp;apos;19&amp;apos;
Driver info: driver.version: ChromeDriver">
      <![CDATA[org.openqa.selenium.remote.http.ConnectionFailedException: Unable to establish websocket connection to http://localhost:57603/devtools/browser/31312fa9-86d5-43bb-83fe-2e456d951c9d
Build info: version: '4.8.0', revision: '267030adea'
System info: os.name: 'Windows 11', os.arch: 'amd64', os.version: '10.0', java.version: '19'
Driver info: driver.version: ChromeDriver
at org.openqa.selenium.remote.http.netty.NettyWebSocket.<init>(NettyWebSocket.java:102)
at org.openqa.selenium.remote.http.netty.NettyWebSocket.lambda$create$3(NettyWebSocket.java:128)
at org.openqa.selenium.remote.http.netty.NettyClient.openSocket(NettyClient.java:107)
at org.openqa.selenium.devtools.Connection.<init>(Connection.java:78)
at org.openqa.selenium.chromium.ChromiumDriver.lambda$new$2(ChromiumDriver.java:116)
at java.base/java.util.Optional.map(Optional.java:260)
at org.openqa.selenium.chromium.ChromiumDriver.<init>(ChromiumDriver.java:114)
at org.openqa.selenium.chrome.ChromeDriver.<init>(ChromeDriver.java:82)
at org.openqa.selenium.chrome.ChromeDriver.<init>(ChromeDriver.java:71)
at com.Base.BaseClass.BaseClass.launchApp(BaseClass.java:120)
at com.Base.BaseClass.BaseClass.launch(BaseClass.java:75)
at java.base/java.util.ArrayList.forEach(ArrayList.java:1511)
at java.base/java.util.concurrent.FutureTask.run(FutureTask.java:317)
at java.base/java.util.concurrent.ThreadPoolExecutor.runWorker(ThreadPoolExecutor.java:1144)
at java.base/java.util.concurrent.ThreadPoolExecutor$Worker.run(ThreadPoolExecutor.java:642)
at java.base/java.lang.Thread.run(Thread.java:1589)
... Removed 20 stack frames]]>
    </failure>
  </testcase> <!-- @BeforeMethod launch -->
  <testcase classname="com.TestCases.VerifyHomepageTest" name="@AfterMethod after_method" time="0.0">
    <skipped/>
  </testcase> <!-- @AfterMethod after_method -->
  <testcase classname="com.Base.BaseClass.BaseClass" name="@AfterMethod user_logout" time="0.0">
    <skipped/>
  </testcase> <!-- @AfterMethod user_logout -->
  <testcase classname="com.Base.BaseClass.BaseClass" name="@BeforeMethod launch" time="0.0">
    <skipped/>
  </testcase> <!-- @BeforeMethod launch -->
  <testcase classname="com.TestCases.VerifyHomepageTest" name="@AfterMethod after_method" time="0.0">
    <skipped/>
  </testcase> <!-- @AfterMethod after_method -->
  <testcase classname="com.Base.BaseClass.BaseClass" name="@AfterMethod user_logout" time="0.0">
    <skipped/>
  </testcase> <!-- @AfterMethod user_logout -->
  <testcase classname="com.Base.BaseClass.BaseClass" name="@BeforeMethod launch" time="0.0">
    <skipped/>
  </testcase> <!-- @BeforeMethod launch -->
  <testcase classname="com.TestCases.VerifyHomepageTest" name="@AfterMethod after_method" time="0.0">
    <skipped/>
  </testcase> <!-- @AfterMethod after_method -->
  <testcase classname="com.Base.BaseClass.BaseClass" name="@AfterMethod user_logout" time="0.0">
    <skipped/>
  </testcase> <!-- @AfterMethod user_logout -->
  <testcase classname="com.TestCases.VerifyHomepageTest" name="verify_logged_user_name" time="0.002">
    <skipped/>
  </testcase> <!-- verify_logged_user_name -->
  <testcase classname="com.TestCases.VerifyHomepageTest" name="verify_home_menu_elements" time="0.001">
    <skipped/>
  </testcase> <!-- verify_home_menu_elements -->
  <testcase classname="com.TestCases.VerifyHomepageTest" name="verify_language_selection" time="0.0">
    <skipped/>
  </testcase> <!-- verify_language_selection -->
</testsuite> <!-- Test1 -->
