<?xml version="1.0" encoding="UTF-8"?>
<!-- Generated by org.testng.reporters.JUnitXMLReporter -->
<testsuite ignored="11" hostname="lap1154" failures="2" tests="7" name="Test" time="112.113" errors="0" timestamp="2023-03-18T03:31:13 IST">
  <testcase classname="com.TestCases.VerifyUserLoginTest" name="verify_valid_User_Login" time="1.918"/>
  <testcase classname="com.TestCases.VerifyHomepageTest" name="verify_home_menu_elements" time="15.357">
    <failure type="org.openqa.selenium.NoSuchElementException" message="no such element: Unable to locate element: {&amp;quot;method&amp;quot;:&amp;quot;xpath&amp;quot;,&amp;quot;selector&amp;quot;:&amp;quot;//h1[@class=&amp;apos;text-center choose_store&amp;apos;]&amp;quot;}
  (Session info: MicrosoftEdge=111.0.1661.41)
For documentation on this error, please visit: https://selenium.dev/exceptions/#no_such_element
Build info: version: &amp;apos;4.8.0&amp;apos;, revision: &amp;apos;267030adea&amp;apos;
System info: os.name: &amp;apos;Windows 11&amp;apos;, os.arch: &amp;apos;amd64&amp;apos;, os.version: &amp;apos;10.0&amp;apos;, java.version: &amp;apos;19&amp;apos;
Driver info: org.openqa.selenium.edge.EdgeDriver
Command: [3ecfbcc5dfd8634d30c8a2df68fb8bd5, findElement {using=xpath, value=//h1[@class=&amp;apos;text-center choose_store&amp;apos;]}]
Capabilities {acceptInsecureCerts: false, browserName: msedge, browserVersion: 111.0.1661.41, ms:edgeOptions: {debuggerAddress: localhost:63498}, msedge: {msedgedriverVersion: 111.0.1661.44 (fc2a57ec5a41..., userDataDir: C:\Users\JITHYA~1\AppData\L...}, networkConnectionEnabled: false, pageLoadStrategy: normal, platformName: WINDOWS, proxy: Proxy(), se:cdp: ws://localhost:63498/devtoo..., se:cdpVersion: 111.0.1661.41, setWindowRect: true, strictFileInteractability: false, timeouts: {implicit: 0, pageLoad: 300000, script: 30000}, unhandledPromptBehavior: dismiss and notify, webauthn:extension:credBlob: true, webauthn:extension:largeBlob: true, webauthn:extension:minPinLength: true, webauthn:extension:prf: true, webauthn:virtualAuthenticators: true}
Session ID: 3ecfbcc5dfd8634d30c8a2df68fb8bd5">
      <![CDATA[org.openqa.selenium.NoSuchElementException: no such element: Unable to locate element: {"method":"xpath","selector":"//h1[@class='text-center choose_store']"}
  (Session info: MicrosoftEdge=111.0.1661.41)
For documentation on this error, please visit: https://selenium.dev/exceptions/#no_such_element
Build info: version: '4.8.0', revision: '267030adea'
System info: os.name: 'Windows 11', os.arch: 'amd64', os.version: '10.0', java.version: '19'
Driver info: org.openqa.selenium.edge.EdgeDriver
Command: [3ecfbcc5dfd8634d30c8a2df68fb8bd5, findElement {using=xpath, value=//h1[@class='text-center choose_store']}]
Capabilities {acceptInsecureCerts: false, browserName: msedge, browserVersion: 111.0.1661.41, ms:edgeOptions: {debuggerAddress: localhost:63498}, msedge: {msedgedriverVersion: 111.0.1661.44 (fc2a57ec5a41..., userDataDir: C:\Users\JITHYA~1\AppData\L...}, networkConnectionEnabled: false, pageLoadStrategy: normal, platformName: WINDOWS, proxy: Proxy(), se:cdp: ws://localhost:63498/devtoo..., se:cdpVersion: 111.0.1661.41, setWindowRect: true, strictFileInteractability: false, timeouts: {implicit: 0, pageLoad: 300000, script: 30000}, unhandledPromptBehavior: dismiss and notify, webauthn:extension:credBlob: true, webauthn:extension:largeBlob: true, webauthn:extension:minPinLength: true, webauthn:extension:prf: true, webauthn:virtualAuthenticators: true}
Session ID: 3ecfbcc5dfd8634d30c8a2df68fb8bd5
at org.openqa.selenium.remote.codec.w3c.W3CHttpResponseCodec.createException(W3CHttpResponseCodec.java:200)
at org.openqa.selenium.remote.codec.w3c.W3CHttpResponseCodec.decode(W3CHttpResponseCodec.java:133)
at org.openqa.selenium.remote.codec.w3c.W3CHttpResponseCodec.decode(W3CHttpResponseCodec.java:53)
at org.openqa.selenium.remote.HttpCommandExecutor.execute(HttpCommandExecutor.java:184)
at org.openqa.selenium.remote.service.DriverCommandExecutor.invokeExecute(DriverCommandExecutor.java:167)
at org.openqa.selenium.remote.service.DriverCommandExecutor.execute(DriverCommandExecutor.java:142)
at org.openqa.selenium.remote.RemoteWebDriver.execute(RemoteWebDriver.java:543)
at org.openqa.selenium.remote.ElementLocation$ElementFinder$2.findElement(ElementLocation.java:162)
at org.openqa.selenium.remote.ElementLocation.findElement(ElementLocation.java:60)
at org.openqa.selenium.remote.RemoteWebDriver.findElement(RemoteWebDriver.java:352)
at org.openqa.selenium.remote.RemoteWebDriver.findElement(RemoteWebDriver.java:344)
at org.openqa.selenium.support.pagefactory.DefaultElementLocator.findElement(DefaultElementLocator.java:70)
at org.openqa.selenium.support.pagefactory.internal.LocatingElementHandler.invoke(LocatingElementHandler.java:39)
at jdk.proxy2/jdk.proxy2.$Proxy23.getText(Unknown Source)
at com.TestCases.VerifyHomepageTest.verify_home_menu_elements(VerifyHomepageTest.java:45)
at java.base/java.util.ArrayList.forEach(ArrayList.java:1511)
... Removed 28 stack frames]]>
    </failure>
  </testcase> <!-- verify_home_menu_elements -->
  <testcase classname="com.TestCases.VerifyHomepageTest" name="verify_language_selection" time="4.249"/>
  <testcase classname="com.TestCases.VerifyAddProductTest" name="verify_add_product" time="23.618">
    <skipped/>
  </testcase> <!-- verify_add_product -->
  <testcase classname="com.TestCases.VerifyAddProductTest" name="verify_add_product" time="23.55">
    <failure type="java.lang.AssertionError" message="The following asserts failed:
	expected [A124] but found [A1234]">
      <![CDATA[java.lang.AssertionError: The following asserts failed:
expected [A124] but found [A1234]
at com.TestCases.VerifyAddProductTest.verify_add_product(VerifyAddProductTest.java:62)
at java.base/java.util.ArrayList.forEach(ArrayList.java:1511)
... Removed 27 stack frames]]>
    </failure>
  </testcase> <!-- verify_add_product -->
  <testcase classname="com.TestCases.VerifyAddProductTest" name="verify_file_download" time="4.812"/>
  <testcase classname="com.TestCases.VerifyAddProductTest" name="verify_file_upload" time="7.224"/>
  <testcase classname="com.Base.BaseClass.BaseClass" name="@BeforeSuite loadingfiles" time="0.0">
    <ignored/>
  </testcase> <!-- @BeforeSuite loadingfiles -->
  <testcase classname="com.Base.BaseClass.BaseClass" name="@AfterSuite Teardown" time="0.0">
    <ignored/>
  </testcase> <!-- @AfterSuite Teardown -->
  <testcase classname="com.TestCases.VerifyUserLoginTest" name="verify_valid_User_invalid_Password_login" time="0.0">
    <ignored/>
  </testcase> <!-- verify_valid_User_invalid_Password_login -->
  <testcase classname="com.Base.BaseClass.BaseClass" name="@AfterSuite Teardown" time="0.0">
    <ignored/>
  </testcase> <!-- @AfterSuite Teardown -->
  <testcase classname="com.Base.BaseClass.BaseClass" name="@BeforeTest loadConfig" time="0.0">
    <ignored/>
  </testcase> <!-- @BeforeTest loadConfig -->
  <testcase classname="com.TestCases.VerifyUserLoginTest" name="verify_invalid_User_invalid_password_login" time="0.0">
    <ignored/>
  </testcase> <!-- verify_invalid_User_invalid_password_login -->
  <testcase classname="com.TestCases.VerifyHomepageTest" name="verify_logged_user_name" time="0.0">
    <ignored/>
  </testcase> <!-- verify_logged_user_name -->
  <testcase classname="com.TestCases.VerifyAddProductTest" name="verify_print_menu" time="0.0">
    <ignored/>
  </testcase> <!-- verify_print_menu -->
  <testcase classname="com.Base.BaseClass.BaseClass" name="@BeforeSuite loadingfiles" time="0.0">
    <ignored/>
  </testcase> <!-- @BeforeSuite loadingfiles -->
  <testcase classname="com.Base.BaseClass.BaseClass" name="@BeforeTest loadConfig" time="0.0">
    <ignored/>
  </testcase> <!-- @BeforeTest loadConfig -->
  <testcase classname="com.TestCases.VerifyUserLoginTest" name="verify_invalid_User_valid_password_login" time="0.0">
    <ignored/>
  </testcase> <!-- verify_invalid_User_valid_password_login -->
</testsuite> <!-- Test -->
