<?xml version="1.0" encoding="UTF-8"?>
<!-- Generated by org.testng.reporters.JUnitXMLReporter -->
<testsuite ignored="27" hostname="lap1154" failures="2" tests="37" name="TestAll" time="655.119" errors="0" timestamp="2023-03-22T05:13:45 IST">
  <testcase classname="com.TestCases.VerifyUserLoginTest" name="verify_invalid_User_invalid_password_login" time="1.52"/>
  <testcase classname="com.TestCases.VerifyUserLoginTest" name="verify_invalid_User_valid_password_login" time="1.087">
    <skipped/>
  </testcase> <!-- verify_invalid_User_valid_password_login -->
  <testcase classname="com.TestCases.VerifyUserLoginTest" name="verify_invalid_User_valid_password_login" time="1.042">
    <skipped/>
  </testcase> <!-- verify_invalid_User_valid_password_login -->
  <testcase classname="com.TestCases.VerifyUserLoginTest" name="verify_invalid_User_valid_password_login" time="1.1">
    <failure type="java.lang.AssertionError" message="expected [Logins] but found [Login]">
      <![CDATA[java.lang.AssertionError: expected [Logins] but found [Login]
at com.TestCases.VerifyUserLoginTest.verify_invalid_User_valid_password_login(VerifyUserLoginTest.java:60)
at java.base/java.util.ArrayList.forEach(ArrayList.java:1511)
... Removed 33 stack frames]]>
    </failure>
  </testcase> <!-- verify_invalid_User_valid_password_login -->
  <testcase classname="com.TestCases.VerifyHomepageTest" name="verify_logged_user_name" time="2.702"/>
  <testcase classname="com.TestCases.VerifyHomepageTest" name="verify_home_menu_elements" time="2.724"/>
  <testcase classname="com.TestCases.VerifyHomepageTest" name="verify_language_selection" time="4.168"/>
  <testcase classname="com.TestCases.VerifyAddProductTest" name="verify_add_product" time="9.135"/>
  <testcase classname="com.TestCases.VerifyAddProductTest" name="verify_file_download" time="5.891"/>
  <testcase classname="com.TestCases.VerifyAddProductTest" name="verify_file_upload" time="7.933"/>
  <testcase classname="com.TestCases.VerifyAddProductTest" name="verify_print_menu" time="152.556">
    <skipped/>
  </testcase> <!-- verify_print_menu -->
  <testcase classname="com.TestCases.VerifyAddProductTest" name="verify_print_menu" time="15.355"/>
  <testcase classname="com.TestCases.VerifyStoreTest" name="verify_sort_store_name_descending_order" time="3.829"/>
  <testcase classname="com.TestCases.VerifyStoreTest" name="verify_sort_store_name_ascending_order" time="3.627"/>
  <testcase classname="com.TestCases.VerifyStoreTest" name="verify_add_store" time="5.869"/>
  <testcase classname="com.TestCases.VerifyStoreTest" name="verify_edit_store" time="5.938"/>
  <testcase classname="com.TestCases.VerifyStoreTest" name="verify_delete_store" time="5.171"/>
  <testcase classname="com.TestCases.VerifyStoreTest" name="verify_sort_store_coulmns" time="3.551"/>
  <testcase classname="com.TestCases.VerifyStoreTest" name="verify_show_dropdown" time="3.641"/>
  <testcase classname="com.TestCases.VerifyStoreTest" name="verify_store_search" time="3.765"/>
  <testcase classname="com.TestCases.VerifyStoreTest" name="verify_storepage_pagination" time="3.737"/>
  <testcase classname="com.TestCases.VerifyStoreManageTest" name="verify_add_store_zone" time="5.944"/>
  <testcase classname="com.TestCases.VerifyStoreManageTest" name="verify_edit_store_zone" time="6.947"/>
  <testcase classname="com.TestCases.VerifyStoreManageTest" name="verify_delete_store_zone" time="4.799"/>
  <testcase classname="com.TestCases.VerifyStoreManageTest" name="verify_edit_store_table" time="22.028">
    <skipped/>
  </testcase> <!-- verify_edit_store_table -->
  <testcase classname="com.TestCases.VerifyStoreManageTest" name="verify_edit_store_table" time="49.196"/>
  <testcase classname="com.TestCases.VerifyStoreManageTest" name="verify_delete_store_table" time="19.052"/>
  <testcase classname="com.TestCases.VerifyCategoryTest" name="verify_add_product_category" time="4.985"/>
  <testcase classname="com.TestCases.VerifyCategoryTest" name="verify_add_expense_category" time="4.784"/>
  <testcase classname="com.TestCases.VerifyAddExpenseTest" name="verify_expense_addition" time="13.343">
    <skipped/>
  </testcase> <!-- verify_expense_addition -->
  <testcase classname="com.TestCases.VerifyAddExpenseTest" name="verify_expense_addition" time="5.042">
    <skipped/>
  </testcase> <!-- verify_expense_addition -->
  <testcase classname="com.TestCases.VerifyAddExpenseTest" name="verify_expense_addition" time="4.168">
    <failure type="java.lang.AssertionError" message="expected [false] but found [true]">
      <![CDATA[java.lang.AssertionError: expected [false] but found [true]
at com.TestCases.VerifyAddExpenseTest.verify_expense_addition(VerifyAddExpenseTest.java:34)
at java.base/java.util.ArrayList.forEach(ArrayList.java:1511)
... Removed 31 stack frames]]>
    </failure>
  </testcase> <!-- verify_expense_addition -->
  <testcase classname="com.TestCases.VerifyPeopleTest" name="verify_add_supplier" time="5.669"/>
  <testcase classname="com.TestCases.VerifyPeopleTest" name="verify_add_waiter" time="5.607"/>
  <testcase classname="com.TestCases.VerifyPeopleTest" name="verify_add_customer" time="6.417"/>
  <testcase classname="com.TestCases.VerifySettingsTest" name="verify_add_new_user" time="6.471"/>
  <testcase classname="com.TestCases.VerifySettingsTest" name="verify_add_new_warehouse" time="5.708"/>
  <testcase classname="com.Base.BaseClass.BaseClass" name="@BeforeSuite loadingfiles" time="0.0">
    <ignored/>
  </testcase> <!-- @BeforeSuite loadingfiles -->
  <testcase classname="com.Base.BaseClass.BaseClass" name="@BeforeSuite loadingfiles" time="0.0">
    <ignored/>
  </testcase> <!-- @BeforeSuite loadingfiles -->
  <testcase classname="com.Base.BaseClass.BaseClass" name="@AfterSuite Teardown" time="0.0">
    <ignored/>
  </testcase> <!-- @AfterSuite Teardown -->
  <testcase classname="com.Base.BaseClass.BaseClass" name="@BeforeSuite loadingfiles" time="0.0">
    <ignored/>
  </testcase> <!-- @BeforeSuite loadingfiles -->
  <testcase classname="com.Base.BaseClass.BaseClass" name="@AfterSuite Teardown" time="0.0">
    <ignored/>
  </testcase> <!-- @AfterSuite Teardown -->
  <testcase classname="com.Base.BaseClass.BaseClass" name="@BeforeTest loadConfig" time="0.0">
    <ignored/>
  </testcase> <!-- @BeforeTest loadConfig -->
  <testcase classname="com.Base.BaseClass.BaseClass" name="@BeforeTest loadConfig" time="0.0">
    <ignored/>
  </testcase> <!-- @BeforeTest loadConfig -->
  <testcase classname="com.Base.BaseClass.BaseClass" name="@BeforeTest loadConfig" time="0.0">
    <ignored/>
  </testcase> <!-- @BeforeTest loadConfig -->
  <testcase classname="com.Base.BaseClass.BaseClass" name="@AfterSuite Teardown" time="0.0">
    <ignored/>
  </testcase> <!-- @AfterSuite Teardown -->
  <testcase classname="com.Base.BaseClass.BaseClass" name="@AfterSuite Teardown" time="0.0">
    <ignored/>
  </testcase> <!-- @AfterSuite Teardown -->
  <testcase classname="com.TestCases.VerifyUserLoginTest" name="verify_valid_User_invalid_Password_login" time="0.0">
    <ignored/>
  </testcase> <!-- verify_valid_User_invalid_Password_login -->
  <testcase classname="com.Base.BaseClass.BaseClass" name="@BeforeSuite loadingfiles" time="0.0">
    <ignored/>
  </testcase> <!-- @BeforeSuite loadingfiles -->
  <testcase classname="com.Base.BaseClass.BaseClass" name="@BeforeSuite loadingfiles" time="0.0">
    <ignored/>
  </testcase> <!-- @BeforeSuite loadingfiles -->
  <testcase classname="com.Base.BaseClass.BaseClass" name="@BeforeSuite loadingfiles" time="0.0">
    <ignored/>
  </testcase> <!-- @BeforeSuite loadingfiles -->
  <testcase classname="com.Base.BaseClass.BaseClass" name="@AfterSuite Teardown" time="0.0">
    <ignored/>
  </testcase> <!-- @AfterSuite Teardown -->
  <testcase classname="com.Base.BaseClass.BaseClass" name="@AfterSuite Teardown" time="0.0">
    <ignored/>
  </testcase> <!-- @AfterSuite Teardown -->
  <testcase classname="com.Base.BaseClass.BaseClass" name="@BeforeTest loadConfig" time="0.0">
    <ignored/>
  </testcase> <!-- @BeforeTest loadConfig -->
  <testcase classname="com.Base.BaseClass.BaseClass" name="@BeforeTest loadConfig" time="0.0">
    <ignored/>
  </testcase> <!-- @BeforeTest loadConfig -->
  <testcase classname="com.Base.BaseClass.BaseClass" name="@AfterSuite Teardown" time="0.0">
    <ignored/>
  </testcase> <!-- @AfterSuite Teardown -->
  <testcase classname="com.Base.BaseClass.BaseClass" name="@BeforeTest loadConfig" time="0.0">
    <ignored/>
  </testcase> <!-- @BeforeTest loadConfig -->
  <testcase classname="com.Base.BaseClass.BaseClass" name="@BeforeTest loadConfig" time="0.0">
    <ignored/>
  </testcase> <!-- @BeforeTest loadConfig -->
  <testcase classname="com.TestCases.VerifyUserLoginTest" name="verify_valid_User_Login" time="0.0">
    <ignored/>
  </testcase> <!-- verify_valid_User_Login -->
  <testcase classname="com.TestCases.VerifyStoreManageTest" name="verify_add_store_table" time="0.0">
    <ignored/>
  </testcase> <!-- verify_add_store_table -->
  <testcase classname="com.Base.BaseClass.BaseClass" name="@BeforeTest loadConfig" time="0.0">
    <ignored/>
  </testcase> <!-- @BeforeTest loadConfig -->
  <testcase classname="com.Base.BaseClass.BaseClass" name="@AfterSuite Teardown" time="0.0">
    <ignored/>
  </testcase> <!-- @AfterSuite Teardown -->
  <testcase classname="com.Base.BaseClass.BaseClass" name="@BeforeSuite loadingfiles" time="0.0">
    <ignored/>
  </testcase> <!-- @BeforeSuite loadingfiles -->
  <testcase classname="com.Base.BaseClass.BaseClass" name="@BeforeSuite loadingfiles" time="0.0">
    <ignored/>
  </testcase> <!-- @BeforeSuite loadingfiles -->
</testsuite> <!-- TestAll -->
